<?xml version="1.0" encoding="UTF-8"?>
<testsuites name="jest tests" tests="9" failures="0" errors="0" time="4.791">
  <testsuite name="p2thttpService" errors="0" failures="0" skipped="0" timestamp="2024-06-03T12:40:18" time="2.055" tests="1">
    <testcase classname="p2thttpService should be created" name="p2thttpService should be created" time="0.02">
    </testcase>
  </testsuite>
  <testsuite name="t2pHttpService" errors="0" failures="0" skipped="0" timestamp="2024-06-03T12:40:18" time="2.19" tests="1">
    <testcase classname="t2pHttpService should be created" name="t2pHttpService should be created" time="0.024">
    </testcase>
  </testsuite>
  <testsuite name="AppComponent" errors="0" failures="0" skipped="0" timestamp="2024-06-03T12:40:18" time="2.265" tests="2">
    <testcase classname="AppComponent should create the app" name="AppComponent should create the app" time="0.191">
    </testcase>
    <testcase classname="AppComponent should have as title &apos;woped-frontend&apos;" name="AppComponent should have as title &apos;woped-frontend&apos;" time="0.011">
    </testcase>
  </testsuite>
  <testsuite name="HomeComponent" errors="0" failures="0" skipped="0" timestamp="2024-06-03T12:40:18" time="2.329" tests="1">
    <testcase classname="HomeComponent should create" name="HomeComponent should create" time="0.2">
    </testcase>
  </testsuite>
  <testsuite name="P2tComponent" errors="0" failures="0" skipped="0" timestamp="2024-06-03T12:40:18" time="3.182" tests="4">
    <testcase classname="P2tComponent should enter API key" name="P2tComponent should enter API key" time="0.182">
    </testcase>
    <testcase classname="P2tComponent should prompt for API key" name="P2tComponent should prompt for API key" time="0.02">
    </testcase>
    <testcase classname="P2tComponent should get display API key" name="P2tComponent should get display API key" time="0.011">
    </testcase>
    <testcase classname="P2tComponent should edit prompt" name="P2tComponent should edit prompt" time="0.01">
    </testcase>
  </testsuite>
</testsuites>